<?xml version="1.0" encoding="UTF-8"?><testrun name="OrderRepositoryTest.testGetOrder" project="MyShopBackend" tests="1" started="1" failures="0" errors="1" ignored="0">
  <testsuite name="com.hcmus.admin.order.OrderRepositoryTest" time="0.54" displayname="OrderRepositoryTest" uniqueid="[engine:junit-jupiter]/[class:com.hcmus.admin.order.OrderRepositoryTest]">
    <testcase name="testGetOrder" classname="com.hcmus.admin.order.OrderRepositoryTest" time="0.54" displayname="testGetOrder()" uniqueid="[engine:junit-jupiter]/[class:com.hcmus.admin.order.OrderRepositoryTest]/[method:testGetOrder()]">
      <error>java.util.NoSuchElementException: No value present&#13;
	at java.base/java.util.Optional.get(Optional.java:143)&#13;
	at com.hcmus.admin.order.OrderRepositoryTest.testGetOrder(OrderRepositoryTest.java:149)&#13;
	at java.base/java.lang.reflect.Method.invoke(Method.java:578)&#13;
	at java.base/java.util.ArrayList.forEach(ArrayList.java:1511)&#13;
	at java.base/java.util.ArrayList.forEach(ArrayList.java:1511)&#13;
&#13;
</error>
    </testcase>
  </testsuite>
</testrun>
