<?xml version="1.0" encoding="UTF-8"?><testrun name="ProductRepositoryTest.testGetProduct" project="MyShopBackend" tests="1" started="1" failures="0" errors="1" ignored="0">
  <testsuite name="com.hcmus.admin.product.ProductRepositoryTest" time="0.484" displayname="ProductRepositoryTest" uniqueid="[engine:junit-jupiter]/[class:com.hcmus.admin.product.ProductRepositoryTest]">
    <testcase name="testGetProduct" classname="com.hcmus.admin.product.ProductRepositoryTest" time="0.484" displayname="testGetProduct()" uniqueid="[engine:junit-jupiter]/[class:com.hcmus.admin.product.ProductRepositoryTest]/[method:testGetProduct()]">
      <error>java.util.NoSuchElementException: No value present&#13;
	at java.base/java.util.Optional.get(Optional.java:143)&#13;
	at com.hcmus.admin.product.ProductRepositoryTest.testGetProduct(ProductRepositoryTest.java:70)&#13;
	at java.base/java.lang.reflect.Method.invoke(Method.java:578)&#13;
	at java.base/java.util.ArrayList.forEach(ArrayList.java:1511)&#13;
	at java.base/java.util.ArrayList.forEach(ArrayList.java:1511)&#13;
&#13;
</error>
    </testcase>
  </testsuite>
</testrun>
