<?xml version="1.0" encoding="UTF-8"?><testrun name="ReviewRepositoryTest.findByOrderDetailTests" project="MyShopFrontend" tests="1" started="1" failures="0" errors="1" ignored="0">
  <testsuite name="com.hcmus.site.review.ReviewRepositoryTest" time="0.52" displayname="ReviewRepositoryTest" uniqueid="[engine:junit-jupiter]/[class:com.hcmus.site.review.ReviewRepositoryTest]">
    <testcase name="findByOrderDetailTests" classname="com.hcmus.site.review.ReviewRepositoryTest" time="0.52" displayname="findByOrderDetailTests()" uniqueid="[engine:junit-jupiter]/[class:com.hcmus.site.review.ReviewRepositoryTest]/[method:findByOrderDetailTests()]">
      <error>java.util.NoSuchElementException: No value present&#13;
	at java.base/java.util.Optional.get(Optional.java:143)&#13;
	at com.hcmus.site.review.ReviewRepositoryTest.findByOrderDetailTests(ReviewRepositoryTest.java:54)&#13;
	at java.base/java.lang.reflect.Method.invoke(Method.java:578)&#13;
	at java.base/java.util.ArrayList.forEach(ArrayList.java:1511)&#13;
	at java.base/java.util.ArrayList.forEach(ArrayList.java:1511)&#13;
&#13;
</error>
    </testcase>
  </testsuite>
</testrun>
