<?xml version="1.0" encoding="UTF-8"?><testrun name="UserRepositoryTests" project="MyShopBackend" tests="8" started="8" failures="0" errors="1" ignored="0">
  <testsuite name="com.hcmus.admin.user.UserRepositoryTests" time="0.853" displayname="UserRepositoryTests" uniqueid="[engine:junit-jupiter]/[class:com.hcmus.admin.user.UserRepositoryTests]">
    <testcase name="testGetUserByEmail" classname="com.hcmus.admin.user.UserRepositoryTests" time="0.674" displayname="testGetUserByEmail()" uniqueid="[engine:junit-jupiter]/[class:com.hcmus.admin.user.UserRepositoryTests]/[method:testGetUserByEmail()]"/>
    <testcase name="testCreateNewUserWithTwoRoles" classname="com.hcmus.admin.user.UserRepositoryTests" time="0.054" displayname="testCreateNewUserWithTwoRoles()" uniqueid="[engine:junit-jupiter]/[class:com.hcmus.admin.user.UserRepositoryTests]/[method:testCreateNewUserWithTwoRoles()]"/>
    <testcase name="testListAllUsers" classname="com.hcmus.admin.user.UserRepositoryTests" time="0.041" displayname="testListAllUsers()" uniqueid="[engine:junit-jupiter]/[class:com.hcmus.admin.user.UserRepositoryTests]/[method:testListAllUsers()]"/>
    <testcase name="testDeleteUser" classname="com.hcmus.admin.user.UserRepositoryTests" time="0.022" displayname="testDeleteUser()" uniqueid="[engine:junit-jupiter]/[class:com.hcmus.admin.user.UserRepositoryTests]/[method:testDeleteUser()]"/>
    <testcase name="testGetUserById" classname="com.hcmus.admin.user.UserRepositoryTests" time="0.009" displayname="testGetUserById()" uniqueid="[engine:junit-jupiter]/[class:com.hcmus.admin.user.UserRepositoryTests]/[method:testGetUserById()]"/>
    <testcase name="testCreateUserWithOneRole" classname="com.hcmus.admin.user.UserRepositoryTests" time="0.015" displayname="testCreateUserWithOneRole()" uniqueid="[engine:junit-jupiter]/[class:com.hcmus.admin.user.UserRepositoryTests]/[method:testCreateUserWithOneRole()]"/>
    <testcase name="testUpdateUserRoles" classname="com.hcmus.admin.user.UserRepositoryTests" time="0.016" displayname="testUpdateUserRoles()" uniqueid="[engine:junit-jupiter]/[class:com.hcmus.admin.user.UserRepositoryTests]/[method:testUpdateUserRoles()]">
      <error>java.util.NoSuchElementException: No value present&#13;
	at java.base/java.util.Optional.get(Optional.java:143)&#13;
	at com.hcmus.admin.user.UserRepositoryTests.testUpdateUserRoles(UserRepositoryTests.java:91)&#13;
	at java.base/java.lang.reflect.Method.invoke(Method.java:578)&#13;
	at java.base/java.util.ArrayList.forEach(ArrayList.java:1511)&#13;
	at java.base/java.util.ArrayList.forEach(ArrayList.java:1511)&#13;
&#13;
</error>
    </testcase>
    <testcase name="testUpdateUserDetails" classname="com.hcmus.admin.user.UserRepositoryTests" time="0.01" displayname="testUpdateUserDetails()" uniqueid="[engine:junit-jupiter]/[class:com.hcmus.admin.user.UserRepositoryTests]/[method:testUpdateUserDetails()]"/>
  </testsuite>
</testrun>
