<?xml version="1.0" encoding="UTF-8"?><testrun name="AddressRepositoryTest.testSetDefault (1)" project="MyShopFrontend" tests="1" started="1" failures="0" errors="1" ignored="0">
  <testsuite name="com.hcmus.site.address.AddressRepositoryTest" time="0.641" displayname="AddressRepositoryTest" uniqueid="[engine:junit-jupiter]/[class:com.hcmus.site.address.AddressRepositoryTest]">
    <testcase name="testSetDefault" classname="com.hcmus.site.address.AddressRepositoryTest" time="0.641" displayname="testSetDefault()" uniqueid="[engine:junit-jupiter]/[class:com.hcmus.site.address.AddressRepositoryTest]/[method:testSetDefault()]">
      <error>java.util.NoSuchElementException: No value present&#13;
	at java.base/java.util.Optional.get(Optional.java:143)&#13;
	at com.hcmus.site.address.AddressRepositoryTest.testSetDefault(AddressRepositoryTest.java:97)&#13;
	at java.base/java.lang.reflect.Method.invoke(Method.java:578)&#13;
	at java.base/java.util.ArrayList.forEach(ArrayList.java:1511)&#13;
	at java.base/java.util.ArrayList.forEach(ArrayList.java:1511)&#13;
&#13;
</error>
    </testcase>
  </testsuite>
</testrun>
