# JRE version: Java(TM) SE Runtime Environment (19.0+36) (build 19+36-2238)
# Java VM: Java HotSpot(TM) 64-Bit Server VM (19+36-2238, mixed mode, sharing, tiered, compressed oops, compressed class ptrs, g1 gc, windows-amd64)
GC Precious Log:
 CardTable entry size: 512
 Card Set container configuration: InlinePtr #cards 5 size 8 Array Of Cards #cards 12 size 40 Howl #buckets 4 coarsen threshold 1843 Howl Bitmap #cards 512 size 80 coarsen threshold 460 Card regions per heap region 1 cards per card region 2048
 CPUs: 12 total, 12 available
 Memory: 8013M
 Large Page Support: Disabled
 NUMA Support: Disabled
 Compressed Oops: Enabled (32-bit)
 Heap Region Size: 1M
 Heap Min Capacity: 8M
 Heap Initial Capacity: 126M
 Heap Max Capacity: 2004M
 Pre-touch: Disabled
 Parallel Workers: 10
 Concurrent Workers: 3
 Concurrent Refinement Workers: 10
 Periodic GC: Disabled
Heap:
 garbage-first heap   total 58368K, used 35460K [0x0000000082c00000, 0x0000000100000000)
  region size 1024K, 2 young (2048K), 2 survivors (2048K)
 Metaspace       used 69607K, committed 70272K, reserved 1114112K
  class space    used 9188K, committed 9472K, reserved 1048576K
GC Heap History (20 events):
Event: 7.098 GC heap before
{Heap before GC invocations=13 (full 0):
 garbage-first heap   total 55296K, used 42196K [0x0000000082c00000, 0x0000000100000000)
  region size 1024K, 20 young (20480K), 2 survivors (2048K)
 Metaspace       used 53857K, committed 54464K, reserved 1114112K
  class space    used 6902K, committed 7168K, reserved 1048576K
}
Event: 7.100 GC heap after
{Heap after GC invocations=14 (full 0):
 garbage-first heap   total 55296K, used 24608K [0x0000000082c00000, 0x0000000100000000)
  region size 1024K, 3 young (3072K), 3 survivors (3072K)
 Metaspace       used 53857K, committed 54464K, reserved 1114112K
  class space    used 6902K, committed 7168K, reserved 1048576K
}
Event: 7.470 GC heap before
{Heap before GC invocations=14 (full 0):
 garbage-first heap   total 55296K, used 43040K [0x0000000082c00000, 0x0000000100000000)
  region size 1024K, 21 young (21504K), 3 survivors (3072K)
 Metaspace       used 55695K, committed 56256K, reserved 1114112K
  class space    used 7159K, committed 7424K, reserved 1048576K
}
Event: 7.472 GC heap after
{Heap after GC invocations=15 (full 0):
 garbage-first heap   total 55296K, used 25118K [0x0000000082c00000, 0x0000000100000000)
  region size 1024K, 2 young (2048K), 2 survivors (2048K)
 Metaspace       used 55695K, committed 56256K, reserved 1114112K
  class space    used 7159K, committed 7424K, reserved 1048576K
}
Event: 7.780 GC heap before
{Heap before GC invocations=15 (full 0):
 garbage-first heap   total 55296K, used 43550K [0x0000000082c00000, 0x0000000100000000)
  region size 1024K, 20 young (20480K), 2 survivors (2048K)
 Metaspace       used 57643K, committed 58240K, reserved 1114112K
  class space    used 7419K, committed 7680K, reserved 1048576K
}
Event: 7.782 GC heap after
{Heap after GC invocations=16 (full 0):
 garbage-first heap   total 55296K, used 25535K [0x0000000082c00000, 0x0000000100000000)
  region size 1024K, 2 young (2048K), 2 survivors (2048K)
 Metaspace       used 57643K, committed 58240K, reserved 1114112K
  class space    used 7419K, committed 7680K, reserved 1048576K
}
Event: 8.016 GC heap before
{Heap before GC invocations=16 (full 0):
 garbage-first heap   total 55296K, used 33727K [0x0000000082c00000, 0x0000000100000000)
  region size 1024K, 11 young (11264K), 2 survivors (2048K)
 Metaspace       used 59742K, committed 60288K, reserved 1114112K
  class space    used 7714K, committed 8000K, reserved 1048576K
}
Event: 8.020 GC heap after
{Heap after GC invocations=17 (full 0):
 garbage-first heap   total 55296K, used 26431K [0x0000000082c00000, 0x0000000100000000)
  region size 1024K, 2 young (2048K), 2 survivors (2048K)
 Metaspace       used 59742K, committed 60288K, reserved 1114112K
  class space    used 7714K, committed 8000K, reserved 1048576K
}
Event: 8.645 GC heap before
{Heap before GC invocations=18 (full 0):
 garbage-first heap   total 55296K, used 44863K [0x0000000082c00000, 0x0000000100000000)
  region size 1024K, 20 young (20480K), 2 survivors (2048K)
 Metaspace       used 63006K, committed 63680K, reserved 1114112K
  class space    used 8142K, committed 8448K, reserved 1048576K
}
Event: 8.650 GC heap after
{Heap after GC invocations=19 (full 0):
 garbage-first heap   total 55296K, used 27811K [0x0000000082c00000, 0x0000000100000000)
  region size 1024K, 3 young (3072K), 3 survivors (3072K)
 Metaspace       used 63006K, committed 63680K, reserved 1114112K
  class space    used 8142K, committed 8448K, reserved 1048576K
}
Event: 9.036 GC heap before
{Heap before GC invocations=19 (full 0):
 garbage-first heap   total 55296K, used 44195K [0x0000000082c00000, 0x0000000100000000)
  region size 1024K, 19 young (19456K), 3 survivors (3072K)
 Metaspace       used 65788K, committed 66368K, reserved 1114112K
  class space    used 8588K, committed 8832K, reserved 1048576K
}
Event: 9.040 GC heap after
{Heap after GC invocations=20 (full 0):
 garbage-first heap   total 55296K, used 29487K [0x0000000082c00000, 0x0000000100000000)
  region size 1024K, 3 young (3072K), 3 survivors (3072K)
 Metaspace       used 65788K, committed 66368K, reserved 1114112K
  class space    used 8588K, committed 8832K, reserved 1048576K
}
Event: 9.254 GC heap before
{Heap before GC invocations=21 (full 0):
 garbage-first heap   total 55296K, used 43823K [0x0000000082c00000, 0x0000000100000000)
  region size 1024K, 18 young (18432K), 3 survivors (3072K)
 Metaspace       used 67619K, committed 68288K, reserved 1114112K
  class space    used 8981K, committed 9280K, reserved 1048576K
}
Event: 9.257 GC heap after
{Heap after GC invocations=22 (full 0):
 garbage-first heap   total 55296K, used 31197K [0x0000000082c00000, 0x0000000100000000)
  region size 1024K, 2 young (2048K), 2 survivors (2048K)
 Metaspace       used 67619K, committed 68288K, reserved 1114112K
  class space    used 8981K, committed 9280K, reserved 1048576K
}
Event: 9.264 GC heap before
{Heap before GC invocations=22 (full 0):
 garbage-first heap   total 55296K, used 32221K [0x0000000082c00000, 0x0000000100000000)
  region size 1024K, 3 young (3072K), 2 survivors (2048K)
 Metaspace       used 67622K, committed 68288K, reserved 1114112K
  class space    used 8981K, committed 9280K, reserved 1048576K
}
Event: 9.267 GC heap after
{Heap after GC invocations=23 (full 0):
 garbage-first heap   total 55296K, used 31346K [0x0000000082c00000, 0x0000000100000000)
  region size 1024K, 1 young (1024K), 1 survivors (1024K)
 Metaspace       used 67622K, committed 68288K, reserved 1114112K
  class space    used 8981K, committed 9280K, reserved 1048576K
}
Event: 9.382 GC heap before
{Heap before GC invocations=23 (full 0):
 garbage-first heap   total 55296K, used 42610K [0x0000000082c00000, 0x0000000100000000)
  region size 1024K, 13 young (13312K), 1 survivors (1024K)
 Metaspace       used 68947K, committed 69568K, reserved 1114112K
  class space    used 9147K, committed 9408K, reserved 1048576K
}
Event: 9.383 GC heap after
{Heap after GC invocations=24 (full 0):
 garbage-first heap   total 55296K, used 31578K [0x0000000082c00000, 0x0000000100000000)
  region size 1024K, 1 young (1024K), 1 survivors (1024K)
 Metaspace       used 68947K, committed 69568K, reserved 1114112K
  class space    used 9147K, committed 9408K, reserved 1048576K
}
Event: 9.483 GC heap before
{Heap before GC invocations=25 (full 0):
 garbage-first heap   total 58368K, used 44890K [0x0000000082c00000, 0x0000000100000000)
  region size 1024K, 14 young (14336K), 1 survivors (1024K)
 Metaspace       used 69182K, committed 69760K, reserved 1114112K
  class space    used 9166K, committed 9408K, reserved 1048576K
}
Event: 9.485 GC heap after
{Heap after GC invocations=26 (full 0):
 garbage-first heap   total 58368K, used 33100K [0x0000000082c00000, 0x0000000100000000)
  region size 1024K, 2 young (2048K), 2 survivors (2048K)
 Metaspace       used 69182K, committed 69760K, reserved 1114112K
  class space    used 9166K, committed 9408K, reserved 1048576K
}

