# JRE version: OpenJDK Runtime Environment Temurin-22+36 (22.0+36) (build 22+36)
# Java VM: OpenJDK 64-Bit Server VM Temurin-22+36 (22+36, mixed mode, emulated-client, tiered, compressed oops, compressed class ptrs, g1 gc, windows-amd64)
GC Precious Log:
 CardTable entry size: 512
 Card Set container configuration: InlinePtr #cards 5 size 8 Array Of Cards #cards 12 size 40 Howl #buckets 4 coarsen threshold 1843 Howl Bitmap #cards 512 size 80 coarsen threshold 460 Card regions per heap region 1 cards per card region 2048
 CPUs: 12 total, 12 available
 Memory: 8013M
 Large Page Support: Disabled
 NUMA Support: Disabled
 Compressed Oops: Enabled (32-bit)
 Heap Region Size: 1M
 Heap Min Capacity: 8M
 Heap Initial Capacity: 126M
 Heap Max Capacity: 1G
 Pre-touch: Disabled
 Parallel Workers: 10
 Concurrent Workers: 3
 Concurrent Refinement Workers: 10
 Periodic GC: Disabled
Heap:
 garbage-first heap   total reserved 1048576K, committed 125952K, used 45118K [0x00000000c0000000, 0x0000000100000000)
  region size 1024K, 1 young (1024K), 0 survivors (0K)
 Metaspace       used 63972K, committed 64768K, reserved 1114112K
  class space    used 7836K, committed 8192K, reserved 1048576K
GC Heap History (20 events):
Event: 82177.894 GC heap after
{Heap after GC invocations=3554 (full 3370):
 garbage-first heap   total reserved 1048576K, committed 125952K, used 45118K [0x00000000c0000000, 0x0000000100000000)
  region size 1024K, 0 young (0K), 0 survivors (0K)
 Metaspace       used 63972K, committed 64768K, reserved 1114112K
  class space    used 7836K, committed 8192K, reserved 1048576K
}
Event: 82188.033 GC heap before
{Heap before GC invocations=3554 (full 3370):
 garbage-first heap   total reserved 1048576K, committed 125952K, used 45118K [0x00000000c0000000, 0x0000000100000000)
  region size 1024K, 1 young (1024K), 0 survivors (0K)
 Metaspace       used 63972K, committed 64768K, reserved 1114112K
  class space    used 7836K, committed 8192K, reserved 1048576K
}
Event: 82188.065 GC heap after
{Heap after GC invocations=3555 (full 3371):
 garbage-first heap   total reserved 1048576K, committed 125952K, used 45118K [0x00000000c0000000, 0x0000000100000000)
  region size 1024K, 0 young (0K), 0 survivors (0K)
 Metaspace       used 63972K, committed 64768K, reserved 1114112K
  class space    used 7836K, committed 8192K, reserved 1048576K
}
Event: 82198.407 GC heap before
{Heap before GC invocations=3555 (full 3371):
 garbage-first heap   total reserved 1048576K, committed 125952K, used 45118K [0x00000000c0000000, 0x0000000100000000)
  region size 1024K, 1 young (1024K), 0 survivors (0K)
 Metaspace       used 63972K, committed 64768K, reserved 1114112K
  class space    used 7836K, committed 8192K, reserved 1048576K
}
Event: 82198.470 GC heap after
{Heap after GC invocations=3556 (full 3372):
 garbage-first heap   total reserved 1048576K, committed 125952K, used 45118K [0x00000000c0000000, 0x0000000100000000)
  region size 1024K, 0 young (0K), 0 survivors (0K)
 Metaspace       used 63972K, committed 64768K, reserved 1114112K
  class space    used 7836K, committed 8192K, reserved 1048576K
}
Event: 82208.974 GC heap before
{Heap before GC invocations=3556 (full 3372):
 garbage-first heap   total reserved 1048576K, committed 125952K, used 45118K [0x00000000c0000000, 0x0000000100000000)
  region size 1024K, 1 young (1024K), 0 survivors (0K)
 Metaspace       used 63972K, committed 64768K, reserved 1114112K
  class space    used 7836K, committed 8192K, reserved 1048576K
}
Event: 82209.051 GC heap after
{Heap after GC invocations=3557 (full 3373):
 garbage-first heap   total reserved 1048576K, committed 125952K, used 45118K [0x00000000c0000000, 0x0000000100000000)
  region size 1024K, 0 young (0K), 0 survivors (0K)
 Metaspace       used 63972K, committed 64768K, reserved 1114112K
  class space    used 7836K, committed 8192K, reserved 1048576K
}
Event: 82219.333 GC heap before
{Heap before GC invocations=3557 (full 3373):
 garbage-first heap   total reserved 1048576K, committed 125952K, used 45118K [0x00000000c0000000, 0x0000000100000000)
  region size 1024K, 1 young (1024K), 0 survivors (0K)
 Metaspace       used 63972K, committed 64768K, reserved 1114112K
  class space    used 7836K, committed 8192K, reserved 1048576K
}
Event: 82219.434 GC heap after
{Heap after GC invocations=3558 (full 3374):
 garbage-first heap   total reserved 1048576K, committed 125952K, used 45118K [0x00000000c0000000, 0x0000000100000000)
  region size 1024K, 0 young (0K), 0 survivors (0K)
 Metaspace       used 63972K, committed 64768K, reserved 1114112K
  class space    used 7836K, committed 8192K, reserved 1048576K
}
Event: 82229.580 GC heap before
{Heap before GC invocations=3558 (full 3374):
 garbage-first heap   total reserved 1048576K, committed 125952K, used 45118K [0x00000000c0000000, 0x0000000100000000)
  region size 1024K, 1 young (1024K), 0 survivors (0K)
 Metaspace       used 63972K, committed 64768K, reserved 1114112K
  class space    used 7836K, committed 8192K, reserved 1048576K
}
Event: 82229.611 GC heap after
{Heap after GC invocations=3559 (full 3375):
 garbage-first heap   total reserved 1048576K, committed 125952K, used 45118K [0x00000000c0000000, 0x0000000100000000)
  region size 1024K, 0 young (0K), 0 survivors (0K)
 Metaspace       used 63972K, committed 64768K, reserved 1114112K
  class space    used 7836K, committed 8192K, reserved 1048576K
}
Event: 82239.963 GC heap before
{Heap before GC invocations=3559 (full 3375):
 garbage-first heap   total reserved 1048576K, committed 125952K, used 45118K [0x00000000c0000000, 0x0000000100000000)
  region size 1024K, 1 young (1024K), 0 survivors (0K)
 Metaspace       used 63972K, committed 64768K, reserved 1114112K
  class space    used 7836K, committed 8192K, reserved 1048576K
}
Event: 82240.035 GC heap after
{Heap after GC invocations=3560 (full 3376):
 garbage-first heap   total reserved 1048576K, committed 125952K, used 45118K [0x00000000c0000000, 0x0000000100000000)
  region size 1024K, 0 young (0K), 0 survivors (0K)
 Metaspace       used 63972K, committed 64768K, reserved 1114112K
  class space    used 7836K, committed 8192K, reserved 1048576K
}
Event: 82250.232 GC heap before
{Heap before GC invocations=3560 (full 3376):
 garbage-first heap   total reserved 1048576K, committed 125952K, used 45118K [0x00000000c0000000, 0x0000000100000000)
  region size 1024K, 1 young (1024K), 0 survivors (0K)
 Metaspace       used 63972K, committed 64768K, reserved 1114112K
  class space    used 7836K, committed 8192K, reserved 1048576K
}
Event: 82250.269 GC heap after
{Heap after GC invocations=3561 (full 3377):
 garbage-first heap   total reserved 1048576K, committed 125952K, used 45118K [0x00000000c0000000, 0x0000000100000000)
  region size 1024K, 0 young (0K), 0 survivors (0K)
 Metaspace       used 63972K, committed 64768K, reserved 1114112K
  class space    used 7836K, committed 8192K, reserved 1048576K
}
Event: 82260.417 GC heap before
{Heap before GC invocations=3561 (full 3377):
 garbage-first heap   total reserved 1048576K, committed 125952K, used 45118K [0x00000000c0000000, 0x0000000100000000)
  region size 1024K, 1 young (1024K), 0 survivors (0K)
 Metaspace       used 63972K, committed 64768K, reserved 1114112K
  class space    used 7836K, committed 8192K, reserved 1048576K
}
Event: 82260.446 GC heap after
{Heap after GC invocations=3562 (full 3378):
 garbage-first heap   total reserved 1048576K, committed 125952K, used 45118K [0x00000000c0000000, 0x0000000100000000)
  region size 1024K, 0 young (0K), 0 survivors (0K)
 Metaspace       used 63972K, committed 64768K, reserved 1114112K
  class space    used 7836K, committed 8192K, reserved 1048576K
}
Event: 82270.660 GC heap before
{Heap before GC invocations=3562 (full 3378):
 garbage-first heap   total reserved 1048576K, committed 125952K, used 45118K [0x00000000c0000000, 0x0000000100000000)
  region size 1024K, 1 young (1024K), 0 survivors (0K)
 Metaspace       used 63972K, committed 64768K, reserved 1114112K
  class space    used 7836K, committed 8192K, reserved 1048576K
}
Event: 82270.698 GC heap after
{Heap after GC invocations=3563 (full 3379):
 garbage-first heap   total reserved 1048576K, committed 125952K, used 45118K [0x00000000c0000000, 0x0000000100000000)
  region size 1024K, 0 young (0K), 0 survivors (0K)
 Metaspace       used 63972K, committed 64768K, reserved 1114112K
  class space    used 7836K, committed 8192K, reserved 1048576K
}
Event: 82280.968 GC heap before
{Heap before GC invocations=3563 (full 3379):
 garbage-first heap   total reserved 1048576K, committed 125952K, used 45118K [0x00000000c0000000, 0x0000000100000000)
  region size 1024K, 1 young (1024K), 0 survivors (0K)
 Metaspace       used 63972K, committed 64768K, reserved 1114112K
  class space    used 7836K, committed 8192K, reserved 1048576K
}

