# JRE version: OpenJDK Runtime Environment Temurin-22+36 (22.0+36) (build 22+36)
# Java VM: OpenJDK 64-Bit Server VM Temurin-22+36 (22+36, mixed mode, emulated-client, tiered, compressed oops, compressed class ptrs, g1 gc, windows-amd64)
GC Precious Log:
 CardTable entry size: 512
 Card Set container configuration: InlinePtr #cards 5 size 8 Array Of Cards #cards 12 size 40 Howl #buckets 4 coarsen threshold 1843 Howl Bitmap #cards 512 size 80 coarsen threshold 460 Card regions per heap region 1 cards per card region 2048
 CPUs: 12 total, 12 available
 Memory: 8013M
 Large Page Support: Disabled
 NUMA Support: Disabled
 Compressed Oops: Enabled (32-bit)
 Heap Region Size: 1M
 Heap Min Capacity: 8M
 Heap Initial Capacity: 126M
 Heap Max Capacity: 1G
 Pre-touch: Disabled
 Parallel Workers: 10
 Concurrent Workers: 3
 Concurrent Refinement Workers: 10
 Periodic GC: Disabled
Heap:
 garbage-first heap   total reserved 1048576K, committed 171008K, used 49973K [0x00000000c0000000, 0x0000000100000000)
  region size 1024K, 1 young (1024K), 0 survivors (0K)
 Metaspace       used 65321K, committed 66112K, reserved 1114112K
  class space    used 8364K, committed 8704K, reserved 1048576K
GC Heap History (20 events):
Event: 88758.542 GC heap after
{Heap after GC invocations=4613 (full 4463):
 garbage-first heap   total reserved 1048576K, committed 171008K, used 51878K [0x00000000c0000000, 0x0000000100000000)
  region size 1024K, 3 young (3072K), 3 survivors (3072K)
 Metaspace       used 65297K, committed 66048K, reserved 1114112K
  class space    used 8358K, committed 8704K, reserved 1048576K
}
Event: 88778.376 GC heap before
{Heap before GC invocations=4614 (full 4463):
 garbage-first heap   total reserved 1048576K, committed 171008K, used 150182K [0x00000000c0000000, 0x0000000100000000)
  region size 1024K, 100 young (102400K), 3 survivors (3072K)
 Metaspace       used 65349K, committed 66112K, reserved 1114112K
  class space    used 8372K, committed 8704K, reserved 1048576K
}
Event: 88778.382 GC heap after
{Heap after GC invocations=4615 (full 4463):
 garbage-first heap   total reserved 1048576K, committed 171008K, used 51687K [0x00000000c0000000, 0x0000000100000000)
  region size 1024K, 3 young (3072K), 3 survivors (3072K)
 Metaspace       used 65349K, committed 66112K, reserved 1114112K
  class space    used 8372K, committed 8704K, reserved 1048576K
}
Event: 88867.479 GC heap before
{Heap before GC invocations=4615 (full 4463):
 garbage-first heap   total reserved 1048576K, committed 171008K, used 151015K [0x00000000c0000000, 0x0000000100000000)
  region size 1024K, 100 young (102400K), 3 survivors (3072K)
 Metaspace       used 65372K, committed 66112K, reserved 1114112K
  class space    used 8378K, committed 8704K, reserved 1048576K
}
Event: 88867.487 GC heap after
{Heap after GC invocations=4616 (full 4463):
 garbage-first heap   total reserved 1048576K, committed 171008K, used 53214K [0x00000000c0000000, 0x0000000100000000)
  region size 1024K, 4 young (4096K), 4 survivors (4096K)
 Metaspace       used 65372K, committed 66112K, reserved 1114112K
  class space    used 8378K, committed 8704K, reserved 1048576K
}
Event: 88934.322 GC heap before
{Heap before GC invocations=4616 (full 4463):
 garbage-first heap   total reserved 1048576K, committed 171008K, used 151518K [0x00000000c0000000, 0x0000000100000000)
  region size 1024K, 100 young (102400K), 4 survivors (4096K)
 Metaspace       used 65372K, committed 66112K, reserved 1114112K
  class space    used 8378K, committed 8704K, reserved 1048576K
}
Event: 88934.335 GC heap after
{Heap after GC invocations=4617 (full 4463):
 garbage-first heap   total reserved 1048576K, committed 171008K, used 51462K [0x00000000c0000000, 0x0000000100000000)
  region size 1024K, 3 young (3072K), 3 survivors (3072K)
 Metaspace       used 65372K, committed 66112K, reserved 1114112K
  class space    used 8378K, committed 8704K, reserved 1048576K
}
Event: 88974.522 GC heap before
{Heap before GC invocations=4618 (full 4463):
 garbage-first heap   total reserved 1048576K, committed 171008K, used 65196K [0x00000000c0000000, 0x0000000100000000)
  region size 1024K, 19 young (19456K), 3 survivors (3072K)
 Metaspace       used 65372K, committed 66112K, reserved 1114112K
  class space    used 8378K, committed 8704K, reserved 1048576K
}
Event: 88974.696 GC heap after
{Heap after GC invocations=4619 (full 4464):
 garbage-first heap   total reserved 1048576K, committed 171008K, used 48011K [0x00000000c0000000, 0x0000000100000000)
  region size 1024K, 0 young (0K), 0 survivors (0K)
 Metaspace       used 65321K, committed 66112K, reserved 1114112K
  class space    used 8364K, committed 8704K, reserved 1048576K
}
Event: 89064.883 GC heap before
{Heap before GC invocations=4619 (full 4464):
 garbage-first heap   total reserved 1048576K, committed 171008K, used 144267K [0x00000000c0000000, 0x0000000100000000)
  region size 1024K, 95 young (97280K), 0 survivors (0K)
 Metaspace       used 65321K, committed 66112K, reserved 1114112K
  class space    used 8364K, committed 8704K, reserved 1048576K
}
Event: 89064.955 GC heap after
{Heap after GC invocations=4620 (full 4465):
 garbage-first heap   total reserved 1048576K, committed 171008K, used 49263K [0x00000000c0000000, 0x0000000100000000)
  region size 1024K, 0 young (0K), 0 survivors (0K)
 Metaspace       used 65321K, committed 66112K, reserved 1114112K
  class space    used 8364K, committed 8704K, reserved 1048576K
}
Event: 89075.148 GC heap before
{Heap before GC invocations=4620 (full 4465):
 garbage-first heap   total reserved 1048576K, committed 171008K, used 49263K [0x00000000c0000000, 0x0000000100000000)
  region size 1024K, 1 young (1024K), 0 survivors (0K)
 Metaspace       used 65321K, committed 66112K, reserved 1114112K
  class space    used 8364K, committed 8704K, reserved 1048576K
}
Event: 89075.176 GC heap after
{Heap after GC invocations=4621 (full 4466):
 garbage-first heap   total reserved 1048576K, committed 171008K, used 49193K [0x00000000c0000000, 0x0000000100000000)
  region size 1024K, 0 young (0K), 0 survivors (0K)
 Metaspace       used 65321K, committed 66112K, reserved 1114112K
  class space    used 8364K, committed 8704K, reserved 1048576K
}
Event: 89085.338 GC heap before
{Heap before GC invocations=4621 (full 4466):
 garbage-first heap   total reserved 1048576K, committed 171008K, used 49193K [0x00000000c0000000, 0x0000000100000000)
  region size 1024K, 1 young (1024K), 0 survivors (0K)
 Metaspace       used 65321K, committed 66112K, reserved 1114112K
  class space    used 8364K, committed 8704K, reserved 1048576K
}
Event: 89085.363 GC heap after
{Heap after GC invocations=4622 (full 4467):
 garbage-first heap   total reserved 1048576K, committed 171008K, used 49193K [0x00000000c0000000, 0x0000000100000000)
  region size 1024K, 0 young (0K), 0 survivors (0K)
 Metaspace       used 65321K, committed 66112K, reserved 1114112K
  class space    used 8364K, committed 8704K, reserved 1048576K
}
Event: 89095.509 GC heap before
{Heap before GC invocations=4622 (full 4467):
 garbage-first heap   total reserved 1048576K, committed 171008K, used 49193K [0x00000000c0000000, 0x0000000100000000)
  region size 1024K, 1 young (1024K), 0 survivors (0K)
 Metaspace       used 65321K, committed 66112K, reserved 1114112K
  class space    used 8364K, committed 8704K, reserved 1048576K
}
Event: 89095.606 GC heap after
{Heap after GC invocations=4623 (full 4468):
 garbage-first heap   total reserved 1048576K, committed 171008K, used 49193K [0x00000000c0000000, 0x0000000100000000)
  region size 1024K, 0 young (0K), 0 survivors (0K)
 Metaspace       used 65321K, committed 66112K, reserved 1114112K
  class space    used 8364K, committed 8704K, reserved 1048576K
}
Event: 89178.460 GC heap before
{Heap before GC invocations=4623 (full 4468):
 garbage-first heap   total reserved 1048576K, committed 171008K, used 133161K [0x00000000c0000000, 0x0000000100000000)
  region size 1024K, 83 young (84992K), 0 survivors (0K)
 Metaspace       used 65321K, committed 66112K, reserved 1114112K
  class space    used 8364K, committed 8704K, reserved 1048576K
}
Event: 89178.605 GC heap after
{Heap after GC invocations=4624 (full 4469):
 garbage-first heap   total reserved 1048576K, committed 171008K, used 49973K [0x00000000c0000000, 0x0000000100000000)
  region size 1024K, 0 young (0K), 0 survivors (0K)
 Metaspace       used 65321K, committed 66112K, reserved 1114112K
  class space    used 8364K, committed 8704K, reserved 1048576K
}
Event: 89188.680 GC heap before
{Heap before GC invocations=4624 (full 4469):
 garbage-first heap   total reserved 1048576K, committed 171008K, used 49973K [0x00000000c0000000, 0x0000000100000000)
  region size 1024K, 1 young (1024K), 0 survivors (0K)
 Metaspace       used 65321K, committed 66112K, reserved 1114112K
  class space    used 8364K, committed 8704K, reserved 1048576K
}

